nohup: ignoring input
[decode] Started decoding for subject 01
[decode] Finished decoding for subject 01
[decode] Started decoding for subject 02
[decode] Finished decoding for subject 02
[decode] Started decoding for subject 03
[decode] Finished decoding for subject 03
[decode] Started decoding for subject 04
[decode] Finished decoding for subject 04
[decode] Started decoding for subject 05
[decode] Finished decoding for subject 05
[decode] Started decoding for subject 06
[decode] Finished decoding for subject 06
[decode] Started decoding for subject 07
[decode] Finished decoding for subject 07
[decode] Started decoding for subject 08
[decode] Finished decoding for subject 08
[decode] Started decoding for subject 09
[decode] Finished decoding for subject 09
[decode] Started decoding for subject 10
[decode] Finished decoding for subject 10
[decode] Started decoding for subject 01
Traceback (most recent call last):
  File "/mnt/neurocube/local/serenceslab/lena/henderson2025/decoding_reproducibility/reproducing_decoding_anova_result.py", line 347, in <module>
    acc_rows_near = [subject_decoding_df(s, boundaries, top_k_voxels=None, mode='anova_near') for s in sub_ids]
  File "/mnt/neurocube/local/serenceslab/lena/henderson2025/decoding_reproducibility/reproducing_decoding_anova_result.py", line 347, in <listcomp>
    acc_rows_near = [subject_decoding_df(s, boundaries, top_k_voxels=None, mode='anova_near') for s in sub_ids]
  File "/mnt/neurocube/local/serenceslab/lena/henderson2025/decoding_reproducibility/reproducing_decoding_anova_result.py", line 199, in subject_decoding_df
    nf = near_far_masks(main_label)  # dict by task_id
  File "/mnt/neurocube/local/serenceslab/lena/henderson2025/decoding_reproducibility/reproducing_decoding_anova_result.py", line 196, in near_far_masks
    return build_near_far_masks(labels_df)
  File "/mnt/neurocube/local/serenceslab/lena/henderson2025/decoding_reproducibility/reproducing_decoding_anova_result.py", line 306, in build_near_far_masks
    df = pd.DataFrame({'k':keys[use], 'dist':d[use]})
  File "/home/lkemmelmeier/anaconda3/envs/h25/lib/python3.9/site-packages/pandas/core/frame.py", line 614, in __init__
    mgr = dict_to_mgr(data, index, columns, dtype=dtype, copy=copy, typ=manager)
  File "/home/lkemmelmeier/anaconda3/envs/h25/lib/python3.9/site-packages/pandas/core/internals/construction.py", line 464, in dict_to_mgr
    return arrays_to_mgr(
  File "/home/lkemmelmeier/anaconda3/envs/h25/lib/python3.9/site-packages/pandas/core/internals/construction.py", line 124, in arrays_to_mgr
    arrays = _homogenize(arrays, index, dtype)
  File "/home/lkemmelmeier/anaconda3/envs/h25/lib/python3.9/site-packages/pandas/core/internals/construction.py", line 589, in _homogenize
    val = sanitize_array(
  File "/home/lkemmelmeier/anaconda3/envs/h25/lib/python3.9/site-packages/pandas/core/construction.py", line 576, in sanitize_array
    subarr = _sanitize_ndim(subarr, data, dtype, index, allow_2d=allow_2d)
  File "/home/lkemmelmeier/anaconda3/envs/h25/lib/python3.9/site-packages/pandas/core/construction.py", line 627, in _sanitize_ndim
    raise ValueError("Data must be 1-dimensional")
ValueError: Data must be 1-dimensional
